mode: count
D:\Projects\simple-admin-core\tools\protoc-gen-go-zero-api\generator\type_converter.go:19.40,23.2 1 15
D:\Projects\simple-admin-core\tools\protoc-gen-go-zero-api\generator\type_converter.go:27.78,31.52 2 8
D:\Projects\simple-admin-core\tools\protoc-gen-go-zero-api\generator\type_converter.go:31.52,33.3 1 2
D:\Projects\simple-admin-core\tools\protoc-gen-go-zero-api\generator\type_converter.go:35.2,41.35 2 6
D:\Projects\simple-admin-core\tools\protoc-gen-go-zero-api\generator\type_converter.go:41.35,43.28 2 10
D:\Projects\simple-admin-core\tools\protoc-gen-go-zero-api\generator\type_converter.go:43.28,45.4 1 10
D:\Projects\simple-admin-core\tools\protoc-gen-go-zero-api\generator\type_converter.go:49.2,51.16 2 6
D:\Projects\simple-admin-core\tools\protoc-gen-go-zero-api\generator\type_converter.go:55.74,67.2 3 13
D:\Projects\simple-admin-core\tools\protoc-gen-go-zero-api\generator\type_converter.go:71.77,75.24 2 35
D:\Projects\simple-admin-core\tools\protoc-gen-go-zero-api\generator\type_converter.go:75.24,77.3 1 0
D:\Projects\simple-admin-core\tools\protoc-gen-go-zero-api\generator\type_converter.go:79.2,79.14 1 35
D:\Projects\simple-admin-core\tools\protoc-gen-go-zero-api\generator\type_converter.go:80.29,81.24 1 1
D:\Projects\simple-admin-core\tools\protoc-gen-go-zero-api\generator\type_converter.go:82.82,83.26 1 4
D:\Projects\simple-admin-core\tools\protoc-gen-go-zero-api\generator\type_converter.go:84.82,85.26 1 8
D:\Projects\simple-admin-core\tools\protoc-gen-go-zero-api\generator\type_converter.go:86.57,87.28 1 2
D:\Projects\simple-admin-core\tools\protoc-gen-go-zero-api\generator\type_converter.go:88.57,89.28 1 2
D:\Projects\simple-admin-core\tools\protoc-gen-go-zero-api\generator\type_converter.go:90.30,91.28 1 1
D:\Projects\simple-admin-core\tools\protoc-gen-go-zero-api\generator\type_converter.go:92.31,93.29 1 1
D:\Projects\simple-admin-core\tools\protoc-gen-go-zero-api\generator\type_converter.go:94.31,95.28 1 13
D:\Projects\simple-admin-core\tools\protoc-gen-go-zero-api\generator\type_converter.go:96.30,97.27 1 1
D:\Projects\simple-admin-core\tools\protoc-gen-go-zero-api\generator\type_converter.go:98.29,101.26 1 1
D:\Projects\simple-admin-core\tools\protoc-gen-go-zero-api\generator\type_converter.go:102.32,105.28 2 1
D:\Projects\simple-admin-core\tools\protoc-gen-go-zero-api\generator\type_converter.go:106.10,107.34 1 0
D:\Projects\simple-admin-core\tools\protoc-gen-go-zero-api\generator\type_converter.go:113.70,121.2 5 1
D:\Projects\simple-admin-core\tools\protoc-gen-go-zero-api\generator\type_converter.go:124.75,129.35 3 4
D:\Projects\simple-admin-core\tools\protoc-gen-go-zero-api\generator\type_converter.go:129.35,131.3 1 7
D:\Projects\simple-admin-core\tools\protoc-gen-go-zero-api\generator\type_converter.go:133.2,135.19 2 4
D:\Projects\simple-admin-core\tools\protoc-gen-go-zero-api\generator\type_converter.go:139.70,144.20 3 13
D:\Projects\simple-admin-core\tools\protoc-gen-go-zero-api\generator\type_converter.go:144.20,146.3 1 3
D:\Projects\simple-admin-core\tools\protoc-gen-go-zero-api\generator\type_converter.go:147.2,147.26 1 13
D:\Projects\simple-admin-core\tools\protoc-gen-go-zero-api\generator\type_converter.go:147.26,149.3 1 1
D:\Projects\simple-admin-core\tools\protoc-gen-go-zero-api\generator\type_converter.go:149.8,151.3 1 12
D:\Projects\simple-admin-core\tools\protoc-gen-go-zero-api\generator\type_converter.go:153.2,156.8 1 13
D:\Projects\simple-admin-core\tools\protoc-gen-go-zero-api\generator\type_converter.go:160.66,164.20 2 24
D:\Projects\simple-admin-core\tools\protoc-gen-go-zero-api\generator\type_converter.go:164.20,166.3 1 5
D:\Projects\simple-admin-core\tools\protoc-gen-go-zero-api\generator\type_converter.go:170.2,170.20 1 19
D:\Projects\simple-admin-core\tools\protoc-gen-go-zero-api\generator\type_converter.go:170.20,172.79 1 8
D:\Projects\simple-admin-core\tools\protoc-gen-go-zero-api\generator\type_converter.go:172.79,174.4 1 2
D:\Projects\simple-admin-core\tools\protoc-gen-go-zero-api\generator\type_converter.go:175.3,175.24 1 6
D:\Projects\simple-admin-core\tools\protoc-gen-go-zero-api\generator\type_converter.go:178.2,178.17 1 11
D:\Projects\simple-admin-core\tools\protoc-gen-go-zero-api\generator\type_converter.go:182.64,183.21 1 22
D:\Projects\simple-admin-core\tools\protoc-gen-go-zero-api\generator\type_converter.go:183.21,185.3 1 1
D:\Projects\simple-admin-core\tools\protoc-gen-go-zero-api\generator\type_converter.go:187.2,190.29 3 21
D:\Projects\simple-admin-core\tools\protoc-gen-go-zero-api\generator\type_converter.go:190.29,191.20 1 32
D:\Projects\simple-admin-core\tools\protoc-gen-go-zero-api\generator\type_converter.go:191.20,193.4 1 29
D:\Projects\simple-admin-core\tools\protoc-gen-go-zero-api\generator\type_converter.go:196.2,196.15 1 21
D:\Projects\simple-admin-core\tools\protoc-gen-go-zero-api\generator\type_converter.go:200.65,202.39 2 1
D:\Projects\simple-admin-core\tools\protoc-gen-go-zero-api\generator\type_converter.go:202.39,204.3 1 2
D:\Projects\simple-admin-core\tools\protoc-gen-go-zero-api\generator\type_converter.go:205.2,205.15 1 1
D:\Projects\simple-admin-core\tools\protoc-gen-go-zero-api\generator\type_converter.go:209.33,211.2 1 1
D:\Projects\simple-admin-core\tools\protoc-gen-go-zero-api\generator\type_converter.go:215.82,218.36 2 1
D:\Projects\simple-admin-core\tools\protoc-gen-go-zero-api\generator\type_converter.go:218.36,220.23 2 3
D:\Projects\simple-admin-core\tools\protoc-gen-go-zero-api\generator\type_converter.go:220.23,222.4 1 3
D:\Projects\simple-admin-core\tools\protoc-gen-go-zero-api\generator\type_converter.go:225.3,225.39 1 3
D:\Projects\simple-admin-core\tools\protoc-gen-go-zero-api\generator\type_converter.go:225.39,227.30 2 1
D:\Projects\simple-admin-core\tools\protoc-gen-go-zero-api\generator\type_converter.go:227.30,229.5 1 1
D:\Projects\simple-admin-core\tools\protoc-gen-go-zero-api\generator\type_converter.go:233.2,233.17 1 1
D:\Projects\simple-admin-core\tools\protoc-gen-go-zero-api\generator\type_converter.go:237.67,238.14 1 18
D:\Projects\simple-admin-core\tools\protoc-gen-go-zero-api\generator\type_converter.go:245.51,246.14 1 15
D:\Projects\simple-admin-core\tools\protoc-gen-go-zero-api\generator\type_converter.go:247.10,248.15 1 3
